<?xml version="1.0" encoding="UTF-8" ?>
<testsuite errors="1" failures="0" hostname="13-PC" name="tdao.controllers.DownloadControllerTest" skipped="0" tests="1" time="1.296" timestamp="2014-10-20T08:48:09">
  <properties>
[...]
</properties>
  <testcase classname="tdao.controllers.DownloadControllerTest" name="testActionPerformed" time="0.247">
    <error type="java.lang.NullPointerException">java.lang.NullPointerException
	at tdao.controllers.DownloadControllerTest.testActionPerformed(DownloadControllerTest.java:50)
</error>
  </testcase>
  <system-out><![CDATA[actionPerformed
]]></system-out>
  <system-err><![CDATA[]]></system-err>
</testsuite>
